#
# There is insufficient memory for the Java Runtime Environment to continue.
# Native memory allocation (malloc) failed to allocate 234656 bytes for Chunk::new
# Possible reasons:
#   The system is out of physical RAM or swap space
#   In 32 bit mode, the process size limit was hit
# Possible solutions:
#   Reduce memory load on the system
#   Increase physical memory or swap space
#   Check if swap backing store is full
#   Use 64 bit Java on a 64 bit OS
#   Decrease Java heap size (-Xmx/-Xms)
#   Decrease number of Java threads
#   Decrease Java thread stack sizes (-Xss)
#   Set larger code cache with -XX:ReservedCodeCacheSize=
# This output file may be truncated or incomplete.
#
#  Out of Memory Error (allocation.cpp:390), pid=3808, tid=988
#
# JRE version: Java(TM) SE Runtime Environment (8.0_20-b26) (build 1.8.0_20-b26)
# Java VM: Java HotSpot(TM) 64-Bit Server VM (25.20-b23 mixed mode windows-amd64 compressed oops)
# Failed to write core dump. Minidumps are not enabled by default on client versions of Windows
#

---------------  T H R E A D  ---------------

Current thread (0x0000000054a0a800):  JavaThread "C2 CompilerThread0" daemon [_thread_in_native, id=988, stack(0x0000000055d40000,0x0000000055e40000)]

Stack: [0x0000000055d40000,0x0000000055e40000]
[error occurred during error reporting (printing stack bounds), id 0xc0000005]

Native frames: (J=compiled Java code, j=interpreted, Vv=VM code, C=native code)
V  [jvm.dll+0x3152fa]


Current CompileTask:
C2:3699311 1152 % !   4       sun.java2d.d3d.D3DScreenUpdateManager::run @ 0 (267 bytes)


---------------  P R O C E S S  ---------------

Java Threads: ( => current thread )
  0x000000005b956000 JavaThread "TimerQueue" daemon [_thread_blocked, id=4932, stack(0x000000005eb80000,0x000000005ec80000)]
  0x000000005b8d7800 JavaThread "D3D Screen Updater" daemon [_thread_blocked, id=3572, stack(0x000000005c710000,0x000000005c810000)]
  0x00000000000ee000 JavaThread "DestroyJavaVM" [_thread_blocked, id=4440, stack(0x0000000002370000,0x0000000002470000)]
  0x000000005616a800 JavaThread "AWT-EventQueue-0" [_thread_blocked, id=3636, stack(0x0000000056c40000,0x0000000056d40000)]
  0x000000005615b800 JavaThread "AWT-Windows" daemon [_thread_in_native, id=3784, stack(0x00000000569e0000,0x0000000056ae0000)]
  0x0000000056155000 JavaThread "AWT-Shutdown" [_thread_blocked, id=1352, stack(0x0000000056740000,0x0000000056840000)]
  0x0000000056154000 JavaThread "Java2D Disposer" daemon [_thread_blocked, id=4656, stack(0x00000000565c0000,0x00000000566c0000)]
  0x0000000055e50800 JavaThread "Service Thread" daemon [_thread_blocked, id=4896, stack(0x0000000056250000,0x0000000056350000)]
  0x0000000054a49000 JavaThread "C1 CompilerThread1" daemon [_thread_blocked, id=4352, stack(0x0000000055a60000,0x0000000055b60000)]
=>0x0000000054a0a800 JavaThread "C2 CompilerThread0" daemon [_thread_in_native, id=988, stack(0x0000000055d40000,0x0000000055e40000)]
  0x0000000054a09000 JavaThread "Attach Listener" daemon [_thread_blocked, id=4728, stack(0x0000000055b70000,0x0000000055c70000)]
  0x0000000054a07800 JavaThread "Signal Dispatcher" daemon [_thread_blocked, id=1336, stack(0x0000000055880000,0x0000000055980000)]
  0x00000000549a7800 JavaThread "Finalizer" daemon [_thread_blocked, id=4836, stack(0x00000000556c0000,0x00000000557c0000)]
  0x00000000549a0800 JavaThread "Reference Handler" daemon [_thread_blocked, id=2748, stack(0x0000000055410000,0x0000000055510000)]

Other Threads:
  0x000000005499a800 VMThread [stack: 0x0000000055530000,0x0000000055630000] [id=3656]
  0x0000000054a6e000 WatcherThread [stack: 0x0000000056430000,0x0000000056530000] [id=2224]

VM state:not at safepoint (normal execution)

VM Mutex/Monitor currently owned by a thread: None

Heap:
 PSYoungGen      total 17920K, used 11218K [0x00000000ec000000, 0x00000000ed400000, 0x0000000100000000)
  eden space 15360K, 73% used [0x00000000ec000000,0x00000000ecaf4ae0,0x00000000ecf00000)
  from space 2560K, 0% used [0x00000000ed180000,0x00000000ed180000,0x00000000ed400000)
  to   space 2560K, 0% used [0x00000000ecf00000,0x00000000ecf00000,0x00000000ed180000)
 ParOldGen       total 40960K, used 0K [0x00000000c4000000, 0x00000000c6800000, 0x00000000ec000000)
  object space 40960K, 0% used [0x00000000c4000000,0x00000000c4000000,0x00000000c6800000)
 Metaspace       used 13327K, capacity 13498K, committed 13824K, reserved 1060864K
  class space    used 1693K, capacity 1777K, committed 1792K, reserved 1048576K

Card table byte_map: [0x0000000011b00000,0x0000000011cf0000] byte_map_base: 0x00000000114e0000

Marking Bits: (ParMarkBitMap*) 0x000000006620b460
 Begin Bits: [0x0000000012090000, 0x0000000012f90000)
 End Bits:   [0x0000000012f90000, 0x0000000013e90000)

Polling page: 0x0000000000130000

CodeCache: size=245760Kb used=3873Kb max_used=3888Kb free=241886Kb
 bounds [0x0000000002740000, 0x0000000002b10000, 0x0000000011740000]
 total_blobs=1663 nmethods=1151 adapters=426
 compilation: enabled

Compilation events (10 events):
Event: 458.543 Thread 0x0000000054a0a800 nmethod 1147 0x0000000002afe890 code [0x0000000002afe9e0, 0x0000000002afed18]
Event: 522.973 Thread 0x0000000054a0a800 1148       4       java.util.ArrayList::toArray (60 bytes)
Event: 522.993 Thread 0x0000000054a0a800 nmethod 1148 0x0000000002afe090 code [0x0000000002afe1e0, 0x0000000002afe6b8]
Event: 2041.391 Thread 0x0000000054a49000 1149 % !   3       sun.java2d.d3d.D3DScreenUpdateManager::run @ 105 (267 bytes)
Event: 2042.244 Thread 0x0000000054a49000 nmethod 1149% 0x0000000002b045d0 code [0x0000000002b049a0, 0x0000000002b07298]
Event: 2076.705 Thread 0x0000000054a49000 1150   !   3       sun.java2d.d3d.D3DScreenUpdateManager::run (267 bytes)
Event: 2076.708 Thread 0x0000000054a49000 nmethod 1150 0x0000000002b08d10 code [0x0000000002b090c0, 0x0000000002b0b8f8]
Event: 3421.102 Thread 0x0000000054a0a800 1151 % !   4       sun.java2d.d3d.D3DScreenUpdateManager::run @ 105 (267 bytes)
Event: 3422.113 Thread 0x0000000054a0a800 nmethod 1151% 0x0000000002b0d250 code [0x0000000002b0d420, 0x0000000002b0e410]
Event: 3695.677 Thread 0x0000000054a0a800 1152 % !   4       sun.java2d.d3d.D3DScreenUpdateManager::run @ 0 (267 bytes)

GC Heap History (0 events):
No events

Deoptimization events (4 events):
Event: 11.597 Thread 0x000000005616a800 Uncommon trap: reason=class_check action=maybe_recompile pc=0x00000000028e280c method=java.lang.String.equals(Ljava/lang/Object;)Z @ 8
Event: 11.597 Thread 0x000000005616a800 Uncommon trap: reason=class_check action=maybe_recompile pc=0x00000000028e280c method=java.lang.String.equals(Ljava/lang/Object;)Z @ 8
Event: 11.597 Thread 0x000000005616a800 Uncommon trap: reason=class_check action=maybe_recompile pc=0x00000000028e280c method=java.lang.String.equals(Ljava/lang/Object;)Z @ 8
Event: 12.085 Thread 0x000000005616a800 Uncommon trap: reason=class_check action=maybe_recompile pc=0x00000000028e280c method=java.lang.String.equals(Ljava/lang/Object;)Z @ 8

Internal exceptions (10 events):
Event: 12.354 Thread 0x000000005616a800 Exception <a 'java/security/PrivilegedActionException'> (0x00000000ec7afec0) thrown at [D:\re\workspace\8-2-build-windows-amd64-cygwin\jdk8u20\1074\hotspot\src\share\vm\prims\jvm.cpp, line 1275]
Event: 12.355 Thread 0x000000005616a800 Exception <a 'java/security/PrivilegedActionException'> (0x00000000ec7b46f8) thrown at [D:\re\workspace\8-2-build-windows-amd64-cygwin\jdk8u20\1074\hotspot\src\share\vm\prims\jvm.cpp, line 1275]
Event: 12.357 Thread 0x000000005616a800 Exception <a 'java/security/PrivilegedActionException'> (0x00000000ec7b8f68) thrown at [D:\re\workspace\8-2-build-windows-amd64-cygwin\jdk8u20\1074\hotspot\src\share\vm\prims\jvm.cpp, line 1275]
Event: 12.362 Thread 0x000000005616a800 Exception <a 'java/security/PrivilegedActionException'> (0x00000000ec7bdc30) thrown at [D:\re\workspace\8-2-build-windows-amd64-cygwin\jdk8u20\1074\hotspot\src\share\vm\prims\jvm.cpp, line 1275]
Event: 12.366 Thread 0x000000005616a800 Exception <a 'java/security/PrivilegedActionException'> (0x00000000ec7cffa8) thrown at [D:\re\workspace\8-2-build-windows-amd64-cygwin\jdk8u20\1074\hotspot\src\share\vm\prims\jvm.cpp, line 1275]
Event: 12.566 Thread 0x000000005616a800 Exception <a 'java/security/PrivilegedActionException'> (0x00000000ec7ff4c8) thrown at [D:\re\workspace\8-2-build-windows-amd64-cygwin\jdk8u20\1074\hotspot\src\share\vm\prims\jvm.cpp, line 1275]
Event: 12.567 Thread 0x000000005616a800 Exception <a 'java/security/PrivilegedActionException'> (0x00000000ec8072a0) thrown at [D:\re\workspace\8-2-build-windows-amd64-cygwin\jdk8u20\1074\hotspot\src\share\vm\prims\jvm.cpp, line 1275]
Event: 12.577 Thread 0x000000005616a800 Exception <a 'java/security/PrivilegedActionException'> (0x00000000ec817ce0) thrown at [D:\re\workspace\8-2-build-windows-amd64-cygwin\jdk8u20\1074\hotspot\src\share\vm\prims\jvm.cpp, line 1275]
Event: 12.577 Thread 0x000000005616a800 Exception <a 'java/security/PrivilegedActionException'> (0x00000000ec819980) thrown at [D:\re\workspace\8-2-build-windows-amd64-cygwin\jdk8u20\1074\hotspot\src\share\vm\prims\jvm.cpp, line 1275]
Event: 12.589 Thread 0x000000005616a800 Exception <a 'java/security/PrivilegedActionException'> (0x00000000ec84d4f0) thrown at [D:\re\workspace\8-2-build-windows-amd64-cygwin\jdk8u20\1074\hotspot\src\share\vm\prims\jvm.cpp, line 1275]

Events (10 events):
Event: 14.712 loading class javax/swing/text/AbstractDocument$UndoRedoDocumentEvent
Event: 14.712 loading class javax/swing/text/AbstractDocument$UndoRedoDocumentEvent done
Event: 14.713 loading class javax/swing/text/DefaultCaret$1
Event: 14.713 loading class javax/swing/text/DefaultCaret$1 done
Event: 14.713 loading class javax/swing/event/UndoableEditEvent
Event: 14.713 loading class javax/swing/event/UndoableEditEvent done
Event: 14.713 loading class javax/swing/event/UndoableEditListener
Event: 14.713 loading class javax/swing/event/UndoableEditListener done
Event: 27.987 loading class sun/awt/SunToolkit$1
Event: 27.988 loading class sun/awt/SunToolkit$1 done


Dynamic libraries:
0x000000013f1f0000 - 0x000000013f224000 	C:\Program Files\Java\jre1.8.0_20\bin\javaw.exe
0x0000000077b60000 - 0x0000000077d09000 	C:\Windows\SYSTEM32\ntdll.dll
0x0000000077a40000 - 0x0000000077b5f000 	C:\Windows\system32\kernel32.dll
0x000007fefd960000 - 0x000007fefd9cc000 	C:\Windows\system32\KERNELBASE.dll
0x000007fefe730000 - 0x000007fefe80b000 	C:\Windows\system32\ADVAPI32.dll
0x000007fefdf50000 - 0x000007fefdfef000 	C:\Windows\system32\msvcrt.dll
0x000007fefdce0000 - 0x000007fefdcff000 	C:\Windows\SYSTEM32\sechost.dll
0x000007fefedc0000 - 0x000007fefeeed000 	C:\Windows\system32\RPCRT4.dll
0x0000000077940000 - 0x0000000077a3a000 	C:\Windows\system32\USER32.dll
0x000007fefef10000 - 0x000007fefef77000 	C:\Windows\system32\GDI32.dll
0x000007fefeb00000 - 0x000007fefeb0e000 	C:\Windows\system32\LPK.dll
0x000007fefeb10000 - 0x000007fefebd9000 	C:\Windows\system32\USP10.dll
0x000007fefbee0000 - 0x000007fefc0d4000 	C:\Windows\WinSxS\amd64_microsoft.windows.common-controls_6595b64144ccf1df_6.0.7601.17514_none_fa396087175ac9ac\COMCTL32.dll
0x000007fefe580000 - 0x000007fefe5f1000 	C:\Windows\system32\SHLWAPI.dll
0x000007fefe550000 - 0x000007fefe57e000 	C:\Windows\system32\IMM32.DLL
0x000007fefef80000 - 0x000007feff089000 	C:\Windows\system32\MSCTF.dll
0x0000000068040000 - 0x0000000068112000 	C:\Program Files\Java\jre1.8.0_20\bin\msvcr100.dll
0x0000000065a30000 - 0x0000000066288000 	C:\Program Files\Java\jre1.8.0_20\bin\server\jvm.dll
0x000007fefab20000 - 0x000007fefab29000 	C:\Windows\system32\WSOCK32.dll
0x000007feffe20000 - 0x000007feffe6d000 	C:\Windows\system32\WS2_32.dll
0x000007fefe680000 - 0x000007fefe688000 	C:\Windows\system32\NSI.dll
0x000007fef8000000 - 0x000007fef803b000 	C:\Windows\system32\WINMM.dll
0x0000000077d30000 - 0x0000000077d37000 	C:\Windows\system32\PSAPI.DLL
0x00000000681f0000 - 0x00000000681ff000 	C:\Program Files\Java\jre1.8.0_20\bin\verify.dll
0x00000000681c0000 - 0x00000000681e8000 	C:\Program Files\Java\jre1.8.0_20\bin\java.dll
0x00000000681a0000 - 0x00000000681b6000 	C:\Program Files\Java\jre1.8.0_20\bin\zip.dll
0x000007feff090000 - 0x000007feffe18000 	C:\Windows\system32\SHELL32.dll
0x000007fefe810000 - 0x000007fefea13000 	C:\Windows\system32\ole32.dll
0x000007fefd930000 - 0x000007fefd93f000 	C:\Windows\system32\profapi.dll
0x0000000064a40000 - 0x0000000064bd8000 	C:\Program Files\Java\jre1.8.0_20\bin\awt.dll
0x000007fefea20000 - 0x000007fefeaf7000 	C:\Windows\system32\OLEAUT32.dll
0x000007fefbd10000 - 0x000007fefbd66000 	C:\Windows\system32\uxtheme.dll
0x000007fefb930000 - 0x000007fefb948000 	C:\Windows\system32\dwmapi.dll
0x000007fefd7c0000 - 0x000007fefd7cf000 	C:\Windows\system32\CRYPTBASE.dll
0x000007fededf0000 - 0x000007fedefef000 	C:\Windows\system32\d3d9.dll
0x000007fefc940000 - 0x000007fefc94c000 	C:\Windows\system32\VERSION.dll
0x000007feecd60000 - 0x000007feecd67000 	C:\Windows\system32\d3d8thk.dll
0x000007feec6c0000 - 0x000007feec7ce000 	C:\Windows\system32\aticfx64.dll
0x000007feecd50000 - 0x000007feecd5f000 	C:\Windows\system32\atiu9p64.dll
0x000007feddf90000 - 0x000007fede6bd000 	C:\Windows\system32\atiumd64.dll
0x000000006d0b0000 - 0x000000006d4ce000 	C:\Windows\system32\atiumd6a.dll
0x0000000067c20000 - 0x0000000067c67000 	C:\Program Files\Java\jre1.8.0_20\bin\fontmanager.dll
0x0000000068180000 - 0x000000006819a000 	C:\Program Files\Java\jre1.8.0_20\bin\net.dll
0x000007fefd100000 - 0x000007fefd155000 	C:\Windows\system32\mswsock.dll
0x000007fefd0f0000 - 0x000007fefd0f7000 	C:\Windows\System32\wship6.dll
0x0000000068160000 - 0x0000000068171000 	C:\Program Files\Java\jre1.8.0_20\bin\nio.dll
0x0000000067c70000 - 0x0000000067cb1000 	C:\Program Files\Java\jre1.8.0_20\bin\t2k.dll
0x000007fefdff0000 - 0x000007fefe089000 	C:\Windows\system32\CLBCatQ.DLL
0x000007fefb6c0000 - 0x000007fefb821000 	C:\Windows\system32\WindowsCodecs.dll
0x000007fefd760000 - 0x000007fefd7b7000 	C:\Windows\system32\apphelp.dll
0x00000000740e0000 - 0x00000000740f6000 	C:\Program Files\Common Files\TortoiseOverlays\TortoiseOverlays.dll
0x00000000740c0000 - 0x00000000740d7000 	C:\Program Files\TortoiseSVN\bin\TortoiseStub.dll
0x0000000074040000 - 0x00000000740bd000 	C:\Program Files\TortoiseSVN\bin\TortoiseSVN.dll
0x000007fefdd00000 - 0x000007fefdf48000 	C:\Windows\system32\WININET.dll
0x000007fefd950000 - 0x000007fefd954000 	C:\Windows\system32\api-ms-win-downlevel-user32-l1-1-0.dll
0x000007fefd940000 - 0x000007fefd944000 	C:\Windows\system32\api-ms-win-downlevel-shlwapi-l1-1-0.dll
0x000007fefd9f0000 - 0x000007fefd9f4000 	C:\Windows\system32\api-ms-win-downlevel-version-l1-1-0.dll
0x000007fefdcc0000 - 0x000007fefdcc3000 	C:\Windows\system32\api-ms-win-downlevel-normaliz-l1-1-0.dll
0x0000000077d20000 - 0x0000000077d23000 	C:\Windows\system32\normaliz.DLL
0x000007fefe280000 - 0x000007fefe547000 	C:\Windows\system32\iertutil.dll
0x000007fefdcb0000 - 0x000007fefdcb5000 	C:\Windows\system32\api-ms-win-downlevel-advapi32-l1-1-0.dll
0x000007fefd9d0000 - 0x000007fefd9ee000 	C:\Windows\system32\USERENV.dll
0x000007fef9000000 - 0x000007fef9476000 	C:\Program Files\TortoiseSVN\bin\libsvn_tsvn.dll
0x0000000074010000 - 0x000000007403e000 	C:\Program Files\TortoiseSVN\bin\libapr_tsvn.dll
0x000007fef8f20000 - 0x000007fef8ff4000 	C:\Windows\system32\MSVCR110.dll
0x0000000073fc0000 - 0x0000000074005000 	C:\Program Files\TortoiseSVN\bin\libaprutil_tsvn.dll
0x000007fefe220000 - 0x000007fefe272000 	C:\Windows\system32\WLDAP32.dll
0x000007fef7fe0000 - 0x000007fef7ff1000 	C:\Program Files\TortoiseSVN\bin\intl3_tsvn.dll
0x000007fef7fc0000 - 0x000007fef7fd9000 	C:\Program Files\TortoiseSVN\bin\libsasl.dll
0x000007fefd700000 - 0x000007fefd70b000 	C:\Windows\system32\Secur32.dll
0x000007fefd730000 - 0x000007fefd755000 	C:\Windows\system32\SSPICLI.DLL
0x000007fefdb40000 - 0x000007fefdcad000 	C:\Windows\system32\CRYPT32.dll
0x000007fefd920000 - 0x000007fefd92f000 	C:\Windows\system32\MSASN1.dll
0x000007fef7f10000 - 0x000007fef7fb7000 	C:\Windows\system32\MSVCP110.dll
0x000007fef7ee0000 - 0x000007fef7f0b000 	C:\Users\Murderer\AppData\Roaming\Dropbox\bin\DropboxExt64.24.dll
0x000007fef7d80000 - 0x000007fef7ea5000 	C:\Windows\system32\dbghelp.dll
0x0000000073ee0000 - 0x0000000073fb3000 	C:\Windows\WinSxS\amd64_microsoft.vc90.crt_1fc8b3b9a1e18e3b_9.0.30729.4940_none_08e4299fa83d7e3c\MSVCP90.dll
0x0000000073d90000 - 0x0000000073e2d000 	C:\Windows\WinSxS\amd64_microsoft.vc90.crt_1fc8b3b9a1e18e3b_9.0.30729.4940_none_08e4299fa83d7e3c\MSVCR90.dll
0x000007fef7d00000 - 0x000007fef7d35000 	C:\Windows\system32\EhStorShell.dll
0x000007fefebe0000 - 0x000007fefedb7000 	C:\Windows\system32\SETUPAPI.dll
0x000007fefda40000 - 0x000007fefda76000 	C:\Windows\system32\CFGMGR32.dll
0x000007fefdb20000 - 0x000007fefdb3a000 	C:\Windows\system32\DEVOBJ.dll
0x000007fefc0e0000 - 0x000007fefc20c000 	C:\Windows\system32\PROPSYS.dll
0x000007fef7690000 - 0x000007fef7cff000 	C:\PROGRA~1\MICROS~2\Office14\GROOVEEX.DLL
0x0000000073be0000 - 0x0000000073c0f000 	C:\Windows\WinSxS\amd64_microsoft.vc90.atl_1fc8b3b9a1e18e3b_9.0.30729.4148_none_0a1d2fcba76b3f00\ATL90.DLL
0x000007fef7270000 - 0x000007fef768a000 	C:\PROGRA~1\COMMON~1\MICROS~1\OFFICE14\Cultures\office.odf
0x000007fef69f0000 - 0x000007fef7270000 	C:\PROGRA~1\MICROS~2\Office14\3082\GrooveIntlResource.dll

VM Arguments:
jvm_args: -Dfile.encoding=UTF-8 
java_command: net.erickpineda.lligajavaswing.App
java_class_path (initial): C:\Users\Murderer\workspace\lligajavaswing\lligajavaswing\target\classes;C:\Users\Murderer\workspace\lligajavaswing\lligajavaswing\miglayout15-swing.jar;C:\Users\Murderer\workspace\lligajavaswing\lligajavaswing\forms-1.3.0.jar
Launcher Type: SUN_STANDARD

Environment Variables:
JAVA_HOME=C:\Program Files\Java\jdk1.8.0_05\
PATH=C:\ProgramData\Oracle\Java\javapath;C:\Program Files\Common Files\Microsoft Shared\Windows Live;C:\Program Files (x86)\Common Files\Microsoft Shared\Windows Live;C:\Program Files (x86)\AMD APP\bin\x86_64;C:\Windows\system32;C:\Windows;C:\Windows\System32\Wbem;C:\Windows\System32\WindowsPowerShell\v1.0\;C:\Program Files (x86)\ATI Technologies\ATI.ACE\Core-Static;C:\Program Files (x86)\Windows Live\Shared;C:\Program Files\SlikSvn\bin;C:\Program Files\TortoiseSVN\bin;C:\Program Files\doxygen\bin;C:\Program Files\Microsoft\Web Platform Installer\;C:\Program Files (x86)\Microsoft ASP.NET\ASP.NET Web Pages\v1.0\;C:\Program Files\Microsoft SQL Server\110\Tools\Binn\;C:\Program Files\Microsoft SQL Server\Client SDK\ODBC\110\Tools\Binn\;C:\Program Files (x86)\Microsoft SQL Server\120\Tools\Binn\;C:\Program Files\Microsoft SQL Server\120\Tools\Binn\;C:\Program Files\Microsoft SQL Server\120\DTS\Binn\;C:\Program Files (x86)\Microsoft SQL Server\120\Tools\Binn\ManagementStudio\;C:\Program Files (x86)\Microsoft SQL Server\120\DTS\Binn\;C:\Program Files (x86)\Windows Kits\8.1\Windows Performance Toolkit\;C:\Program Files\eclipse\Librerias usuario\apache-maven-3.2.3\bin;C:\HashiCorp\Vagrant\bin
USERNAME=Murderer
OS=Windows_NT
PROCESSOR_IDENTIFIER=AMD64 Family 16 Model 6 Stepping 3, AuthenticAMD



---------------  S Y S T E M  ---------------

OS: Windows 7 , 64 bit Build 7601 Service Pack 1

CPU:total 2 (2 cores per cpu, 1 threads per core) family 16 model 6 stepping 3, cmov, cx8, fxsr, mmx, sse, sse2, sse3, popcnt, mmxext, 3dnowpref, lzcnt, tsc, tscinvbit, tscinv

Memory: 4k page, physical 3928636k(245124k free), swap 15712684k(4368k free)

vm_info: Java HotSpot(TM) 64-Bit Server VM (25.20-b23) for windows-amd64 JRE (1.8.0_20-b26), built on Jul 30 2014 13:51:23 by "java_re" with MS VC++ 10.0 (VS2010)

time: Sat Jan 31 00:36:00 2015
elapsed time: 3698 seconds (0d 1h 1m 38s)

